Build target 'smart_system'
compiling main.c...
main.c(52): warning:  #1-D: last line of file ends without a newline
  }
main.c: 1 warning, 0 errors
compiling system_stm32f4xx.c...
assembling startup_stm32f40_41xxx.s...
compiling stm32f4xx_usart.c...
compiling stm32f4xx_tim.c...
compiling stm32f4xx_gpio.c...
compiling misc.c...
compiling stm32f4xx_rcc.c...
compiling stm32f4xx_exti.c...
compiling led.c...
compiling blue_tooth.c...
compiling timer.c...
compiling usb_ttl.c...
compiling button.c...
linking...
.\Objects\smartsystem.axf: Error: L6218E: Undefined symbol SYSCFG_EXTILineConfig (referred from button.o).
Not enough information to list image symbols.
Finished: 1 information, 0 warning and 1 error messages.
".\Objects\smartsystem.axf" - 1 Error(s), 1 Warning(s).
Target not created.
